<?xml version="1.0" encoding="UTF-8"?>
<testng-results skipped="0" failed="0" ignored="0" total="3" passed="3">
  <reporter-output>
  </reporter-output>
  <suite name="Default suite" duration-ms="199256" started-at="2019-11-06T23:30:29 IST" finished-at="2019-11-06T23:33:48 IST">
    <groups>
    </groups>
    <test name="Default test" duration-ms="199256" started-at="2019-11-06T23:30:29 IST" finished-at="2019-11-06T23:33:48 IST">
      <class name="com.training.sanity.tests.RegUserDB_ELTC_078">
        <test-method status="PASS" signature="setup()[pri:0, instance:com.training.sanity.tests.RegUserDB_ELTC_078@3cef309d]" name="setup" is-config="true" duration-ms="11" started-at="2019-11-06T23:30:29 IST" finished-at="2019-11-06T23:30:29 IST">
          <reporter-output>
          </reporter-output>
        </test-method> <!-- setup -->
        <test-method status="PASS" signature="beforeMethod()[pri:0, instance:com.training.sanity.tests.RegUserDB_ELTC_078@3cef309d]" name="beforeMethod" is-config="true" duration-ms="46014" started-at="2019-11-06T23:30:29 IST" finished-at="2019-11-06T23:31:15 IST">
          <reporter-output>
          </reporter-output>
        </test-method> <!-- beforeMethod -->
        <test-method status="PASS" signature="UserRegistration(java.lang.String, java.lang.String, java.lang.String, java.lang.String, java.lang.String, java.lang.String, java.lang.String, java.lang.String)[pri:0, instance:com.training.sanity.tests.RegUserDB_ELTC_078@3cef309d]" name="UserRegistration" duration-ms="21264" started-at="2019-11-06T23:31:15 IST" data-provider="db-inputs" finished-at="2019-11-06T23:31:36 IST">
          <params>
            <param index="0">
              <value>
                <![CDATA[simo]]>
              </value>
            </param>
            <param index="1">
              <value>
                <![CDATA[hurl]]>
              </value>
            </param>
            <param index="2">
              <value>
                <![CDATA[shurl@gmail.com]]>
              </value>
            </param>
            <param index="3">
              <value>
                <![CDATA[shurl]]>
              </value>
            </param>
            <param index="4">
              <value>
                <![CDATA[test1234]]>
              </value>
            </param>
            <param index="5">
              <value>
                <![CDATA[test1234]]>
              </value>
            </param>
            <param index="6">
              <value>
                <![CDATA[1234345678]]>
              </value>
            </param>
            <param index="7">
              <value>
                <![CDATA[English]]>
              </value>
            </param>
          </params>
          <reporter-output>
          </reporter-output>
        </test-method> <!-- UserRegistration -->
        <test-method status="PASS" signature="CloseBrowser()[pri:0, instance:com.training.sanity.tests.RegUserDB_ELTC_078@3cef309d]" name="CloseBrowser" is-config="true" duration-ms="1876" started-at="2019-11-06T23:31:36 IST" finished-at="2019-11-06T23:31:38 IST">
          <reporter-output>
          </reporter-output>
        </test-method> <!-- CloseBrowser -->
        <test-method status="PASS" signature="beforeMethod()[pri:0, instance:com.training.sanity.tests.RegUserDB_ELTC_078@3cef309d]" name="beforeMethod" is-config="true" duration-ms="47340" started-at="2019-11-06T23:31:38 IST" finished-at="2019-11-06T23:32:26 IST">
          <reporter-output>
          </reporter-output>
        </test-method> <!-- beforeMethod -->
        <test-method status="PASS" signature="UserRegistration(java.lang.String, java.lang.String, java.lang.String, java.lang.String, java.lang.String, java.lang.String, java.lang.String, java.lang.String)[pri:0, instance:com.training.sanity.tests.RegUserDB_ELTC_078@3cef309d]" name="UserRegistration" duration-ms="13949" started-at="2019-11-06T23:32:26 IST" data-provider="db-inputs" finished-at="2019-11-06T23:32:39 IST">
          <params>
            <param index="0">
              <value>
                <![CDATA[sanal]]>
              </value>
            </param>
            <param index="1">
              <value>
                <![CDATA[menon]]>
              </value>
            </param>
            <param index="2">
              <value>
                <![CDATA[smenon@gmail.com]]>
              </value>
            </param>
            <param index="3">
              <value>
                <![CDATA[smenon]]>
              </value>
            </param>
            <param index="4">
              <value>
                <![CDATA[test1234]]>
              </value>
            </param>
            <param index="5">
              <value>
                <![CDATA[test1234]]>
              </value>
            </param>
            <param index="6">
              <value>
                <![CDATA[1234345680]]>
              </value>
            </param>
            <param index="7">
              <value>
                <![CDATA[English]]>
              </value>
            </param>
          </params>
          <reporter-output>
          </reporter-output>
        </test-method> <!-- UserRegistration -->
        <test-method status="PASS" signature="CloseBrowser()[pri:0, instance:com.training.sanity.tests.RegUserDB_ELTC_078@3cef309d]" name="CloseBrowser" is-config="true" duration-ms="1859" started-at="2019-11-06T23:32:39 IST" finished-at="2019-11-06T23:32:41 IST">
          <reporter-output>
          </reporter-output>
        </test-method> <!-- CloseBrowser -->
        <test-method status="PASS" signature="beforeMethod()[pri:0, instance:com.training.sanity.tests.RegUserDB_ELTC_078@3cef309d]" name="beforeMethod" is-config="true" duration-ms="51670" started-at="2019-11-06T23:32:41 IST" finished-at="2019-11-06T23:33:33 IST">
          <reporter-output>
          </reporter-output>
        </test-method> <!-- beforeMethod -->
        <test-method status="PASS" signature="UserRegistration(java.lang.String, java.lang.String, java.lang.String, java.lang.String, java.lang.String, java.lang.String, java.lang.String, java.lang.String)[pri:0, instance:com.training.sanity.tests.RegUserDB_ELTC_078@3cef309d]" name="UserRegistration" duration-ms="12948" started-at="2019-11-06T23:33:33 IST" data-provider="db-inputs" finished-at="2019-11-06T23:33:46 IST">
          <params>
            <param index="0">
              <value>
                <![CDATA[Chris]]>
              </value>
            </param>
            <param index="1">
              <value>
                <![CDATA[Martis]]>
              </value>
            </param>
            <param index="2">
              <value>
                <![CDATA[cmartis@gmail.com]]>
              </value>
            </param>
            <param index="3">
              <value>
                <![CDATA[smartis]]>
              </value>
            </param>
            <param index="4">
              <value>
                <![CDATA[test1234]]>
              </value>
            </param>
            <param index="5">
              <value>
                <![CDATA[test1234]]>
              </value>
            </param>
            <param index="6">
              <value>
                <![CDATA[1234345681]]>
              </value>
            </param>
            <param index="7">
              <value>
                <![CDATA[English]]>
              </value>
            </param>
          </params>
          <reporter-output>
          </reporter-output>
        </test-method> <!-- UserRegistration -->
        <test-method status="PASS" signature="CloseBrowser()[pri:0, instance:com.training.sanity.tests.RegUserDB_ELTC_078@3cef309d]" name="CloseBrowser" is-config="true" duration-ms="1909" started-at="2019-11-06T23:33:46 IST" finished-at="2019-11-06T23:33:48 IST">
          <reporter-output>
          </reporter-output>
        </test-method> <!-- CloseBrowser -->
      </class> <!-- com.training.sanity.tests.RegUserDB_ELTC_078 -->
    </test> <!-- Default test -->
  </suite> <!-- Default suite -->
</testng-results>
