<?xml version="1.0" encoding="UTF-8"?>
<!-- Generated by org.testng.reporters.JUnitXMLReporter -->
<testsuite hostname="DESKTOP-QIRCKSN" ignored="0" name="Default test" tests="3" failures="0" timestamp="2019-11-06T23:33:48 IST" time="199.256" errors="0">
  <testcase name="UserRegistration" time="21.264" classname="com.training.sanity.tests.RegUserDB_ELTC_078"/>
  <testcase name="UserRegistration" time="13.949" classname="com.training.sanity.tests.RegUserDB_ELTC_078"/>
  <testcase name="UserRegistration" time="12.948" classname="com.training.sanity.tests.RegUserDB_ELTC_078"/>
</testsuite> <!-- Default test -->
